0 info it worked if it ends with ok
1 verbose cli [ '/home/rauf/.meteor/packages/meteor-tool/.1.4.1_2.1fbyb7h++os.linux.x86_64+web.browser+web.cordova/mt-os.linux.x86_64/dev_bundle/bin/node',
1 verbose cli   '/home/rauf/.meteor/packages/meteor-tool/.1.4.1_2.1fbyb7h++os.linux.x86_64+web.browser+web.cordova/mt-os.linux.x86_64/dev_bundle/bin/npm',
1 verbose cli   'install',
1 verbose cli   'alanning:roles',
1 verbose cli   '--save' ]
2 info using npm@3.10.8
3 info using node@v4.6.0
4 silly loadCurrentTree Starting
5 silly install loadCurrentTree
6 silly install readLocalPackageData
7 silly fetchPackageMetaData alanning:roles
8 silly fetchPackageMetaData Error: Unsupported URL Type: alanning:roles
8 silly fetchPackageMetaData     at parseUrl (/home/rauf/.meteor/packages/meteor-tool/.1.4.1_2.1fbyb7h++os.linux.x86_64+web.browser+web.cordova/mt-os.linux.x86_64/dev_bundle/lib/node_modules/npm/node_modules/npm-package-arg/npa.js:186:13)
8 silly fetchPackageMetaData     at npa (/home/rauf/.meteor/packages/meteor-tool/.1.4.1_2.1fbyb7h++os.linux.x86_64+web.browser+web.cordova/mt-os.linux.x86_64/dev_bundle/lib/node_modules/npm/node_modules/npm-package-arg/npa.js:79:12)
8 silly fetchPackageMetaData     at module.exports (/home/rauf/.meteor/packages/meteor-tool/.1.4.1_2.1fbyb7h++os.linux.x86_64+web.browser+web.cordova/mt-os.linux.x86_64/dev_bundle/lib/node_modules/npm/node_modules/realize-package-specifier/index.js:12:15)
8 silly fetchPackageMetaData     at fetchPackageMetadata (/home/rauf/.meteor/packages/meteor-tool/.1.4.1_2.1fbyb7h++os.linux.x86_64+web.browser+web.cordova/mt-os.linux.x86_64/dev_bundle/lib/node_modules/npm/lib/fetch-package-metadata.js:54:12)
8 silly fetchPackageMetaData     at fetchMetadataWithVersion (/home/rauf/.meteor/packages/meteor-tool/.1.4.1_2.1fbyb7h++os.linux.x86_64+web.browser+web.cordova/mt-os.linux.x86_64/dev_bundle/lib/node_modules/npm/lib/install/deps.js:213:14)
8 silly fetchPackageMetaData     at /home/rauf/.meteor/packages/meteor-tool/.1.4.1_2.1fbyb7h++os.linux.x86_64+web.browser+web.cordova/mt-os.linux.x86_64/dev_bundle/lib/node_modules/npm/lib/install/deps.js:226:16
8 silly fetchPackageMetaData     at /home/rauf/.meteor/packages/meteor-tool/.1.4.1_2.1fbyb7h++os.linux.x86_64+web.browser+web.cordova/mt-os.linux.x86_64/dev_bundle/lib/node_modules/npm/node_modules/slide/lib/async-map.js:52:35
8 silly fetchPackageMetaData     at Array.forEach (native)
8 silly fetchPackageMetaData     at /home/rauf/.meteor/packages/meteor-tool/.1.4.1_2.1fbyb7h++os.linux.x86_64+web.browser+web.cordova/mt-os.linux.x86_64/dev_bundle/lib/node_modules/npm/node_modules/slide/lib/async-map.js:52:11
8 silly fetchPackageMetaData     at Array.forEach (native)
8 silly fetchPackageMetaData  error for alanning:roles [Error: Unsupported URL Type: alanning:roles]
9 silly rollbackFailedOptional Starting
10 silly rollbackFailedOptional Finishing
11 silly runTopLevelLifecycles Finishing
12 silly install printInstalled
13 verbose stack Error: Unsupported URL Type: alanning:roles
13 verbose stack     at parseUrl (/home/rauf/.meteor/packages/meteor-tool/.1.4.1_2.1fbyb7h++os.linux.x86_64+web.browser+web.cordova/mt-os.linux.x86_64/dev_bundle/lib/node_modules/npm/node_modules/npm-package-arg/npa.js:186:13)
13 verbose stack     at npa (/home/rauf/.meteor/packages/meteor-tool/.1.4.1_2.1fbyb7h++os.linux.x86_64+web.browser+web.cordova/mt-os.linux.x86_64/dev_bundle/lib/node_modules/npm/node_modules/npm-package-arg/npa.js:79:12)
13 verbose stack     at module.exports (/home/rauf/.meteor/packages/meteor-tool/.1.4.1_2.1fbyb7h++os.linux.x86_64+web.browser+web.cordova/mt-os.linux.x86_64/dev_bundle/lib/node_modules/npm/node_modules/realize-package-specifier/index.js:12:15)
13 verbose stack     at fetchPackageMetadata (/home/rauf/.meteor/packages/meteor-tool/.1.4.1_2.1fbyb7h++os.linux.x86_64+web.browser+web.cordova/mt-os.linux.x86_64/dev_bundle/lib/node_modules/npm/lib/fetch-package-metadata.js:54:12)
13 verbose stack     at fetchMetadataWithVersion (/home/rauf/.meteor/packages/meteor-tool/.1.4.1_2.1fbyb7h++os.linux.x86_64+web.browser+web.cordova/mt-os.linux.x86_64/dev_bundle/lib/node_modules/npm/lib/install/deps.js:213:14)
13 verbose stack     at /home/rauf/.meteor/packages/meteor-tool/.1.4.1_2.1fbyb7h++os.linux.x86_64+web.browser+web.cordova/mt-os.linux.x86_64/dev_bundle/lib/node_modules/npm/lib/install/deps.js:226:16
13 verbose stack     at /home/rauf/.meteor/packages/meteor-tool/.1.4.1_2.1fbyb7h++os.linux.x86_64+web.browser+web.cordova/mt-os.linux.x86_64/dev_bundle/lib/node_modules/npm/node_modules/slide/lib/async-map.js:52:35
13 verbose stack     at Array.forEach (native)
13 verbose stack     at /home/rauf/.meteor/packages/meteor-tool/.1.4.1_2.1fbyb7h++os.linux.x86_64+web.browser+web.cordova/mt-os.linux.x86_64/dev_bundle/lib/node_modules/npm/node_modules/slide/lib/async-map.js:52:11
13 verbose stack     at Array.forEach (native)
14 verbose cwd /home/rauf/Documents/Rauf/MeteorJS/socially
15 error Linux 4.4.0-38-generic
16 error argv "/home/rauf/.meteor/packages/meteor-tool/.1.4.1_2.1fbyb7h++os.linux.x86_64+web.browser+web.cordova/mt-os.linux.x86_64/dev_bundle/bin/node" "/home/rauf/.meteor/packages/meteor-tool/.1.4.1_2.1fbyb7h++os.linux.x86_64+web.browser+web.cordova/mt-os.linux.x86_64/dev_bundle/bin/npm" "install" "alanning:roles" "--save"
17 error node v4.6.0
18 error npm  v3.10.8
19 error Unsupported URL Type: alanning:roles
20 error If you need help, you may report this error at:
20 error     <https://github.com/npm/npm/issues>
21 verbose exit [ 1, true ]
